--------- beginning of events
[ 06-17 01:04:28.563 12417:12417 I/auditd   ]
type=1400 audit(0.0:215468): avc:  granted  { execute } for  comm=".android.scan3d" path="/data/data/com.samsung.android.scan3d/cache/codec_hevc.lck" dev="dm-63" ino=270577 scontext=u:r:untrusted_app:s0:c184,c257,c512,c768 tcontext=u:object_r:app_data_file:s0:c184,c257,c512,c768 tclass=file app=com.samsung.android.scan3d

[ 06-17 01:04:29.195 12417:12417 I/auditd   ]
type=1400 audit(0.0:215469): avc:  granted  { execute } for  comm=".android.scan3d" path="/data/data/com.samsung.android.scan3d/cache/codec_aec.lck" dev="dm-63" ino=268662 scontext=u:r:untrusted_app:s0:c184,c257,c512,c768 tcontext=u:object_r:app_data_file:s0:c184,c257,c512,c768 tclass=file app=com.samsung.android.scan3d

[ 06-17 01:04:29.207 12417:12417 I/auditd   ]
type=1400 audit(0.0:215470): avc:  granted  { execute } for  comm=".android.scan3d" path="/data/data/com.samsung.android.scan3d/cache/codec_vvc.lck" dev="dm-63" ino=271052 scontext=u:r:untrusted_app:s0:c184,c257,c512,c768 tcontext=u:object_r:app_data_file:s0:c184,c257,c512,c768 tclass=file app=com.samsung.android.scan3d

[ 06-17 01:04:29.219 12417:12417 I/auditd   ]
type=1400 audit(0.0:215471): avc:  granted  { execute } for  comm=".android.scan3d" path="/data/data/com.samsung.android.scan3d/cache/codec_avc.lck" dev="dm-63" ino=268600 scontext=u:r:untrusted_app:s0:c184,c257,c512,c768 tcontext=u:object_r:app_data_file:s0:c184,c257,c512,c768 tclass=file app=com.samsung.android.scan3d

[ 06-17 01:04:29.239 12417:12417 I/auditd   ]
type=1400 audit(0.0:215472): avc:  granted  { execute } for  comm=".android.scan3d" path="/data/data/com.samsung.android.scan3d/cache/codec_aac.lck" dev="dm-63" ino=268802 scontext=u:r:untrusted_app:s0:c184,c257,c512,c768 tcontext=u:object_r:app_data_file:s0:c184,c257,c512,c768 tclass=file app=com.samsung.android.scan3d

[ 06-17 01:04:29.563 12439:12439 I/auditd   ]
type=1400 audit(0.0:215473): avc:  denied  { read } for  comm="sh" name="/" dev="dm-12" ino=59 scontext=u:r:untrusted_app:s0:c184,c257,c512,c768 tcontext=u:object_r:rootfs:s0 tclass=dir permissive=0 app=com.samsung.android.scan3d

--------- beginning of main
[ 06-17 01:04:29.563 12439:12439 W/sh       ]
type=1400 audit(0.0:215473): avc:  denied  { read } for  name="/" dev="dm-12" ino=59 scontext=u:r:untrusted_app:s0:c184,c257,c512,c768 tcontext=u:object_r:rootfs:s0 tclass=dir permissive=0 app=com.samsung.android.scan3d

[ 06-17 01:04:29.640 12417:12417 W/.android.scan3d ]
Method ezh dwd.b(android.content.Context, java.lang.String, int) failed lock verification and will run slower.
Common causes for lock verification issues are non-optimized dex code
and incorrect proguard optimizations.

[ 06-17 01:04:29.646 12417:12442 E/ashmem   ]
Pinning is deprecated since Android Q. Please use trim or other methods.

[ 06-17 01:04:29.834 12417:12417 I/.android.scan3d ]
hiddenapi: Accessing hidden method Landroid/os/SystemProperties;->set(Ljava/lang/String;Ljava/lang/String;)V (runtime_flags=0, domain=platform, api=unsupported) from Lpoq; (domain=app, TargetSdkVersion=35) using reflection: allowed

[ 06-17 01:04:29.970 12417:12417 W/AppSettings ]
Warning: providing system service notification took 21 ms

[ 06-17 01:04:29.998 12417:12459 W/.android.scan3d ]
Method void oqi.p(ora, java.util.Set) failed lock verification and will run slower.

[ 06-17 01:04:30.000 12417:12460 D/nativeloader ]
Load /data/app/~~u0eeQ7L_5mNSN9boeEVH7Q==/com.samsung.android.scan3d-YrClNq6JdHqefN4Isk402A==/lib/arm64/libnative_crash_handler_jni.so using class loader ns clns-9 (caller=/data/app/~~u0eeQ7L_5mNSN9boeEVH7Q==/com.samsung.android.scan3d-YrClNq6JdHqefN4Isk402A==/base.apk!classes2.dex): ok

[ 06-17 01:04:30.014 12417:12453 W/ConfigurationContentLdr ]
ContentProvider query returned null cursor, using default values

[ 06-17 01:04:30.026 12417:12417 W/CAM_A    ]
Called onCreate


[ 06-17 01:04:30.027 12417:12417 W/CAM_mhh  ]
Camera HAL package not found.


[ 06-17 01:04:30.027 12417:12417 W/CAM_mhh  ]
Camera HAL package not found.


[ 06-17 01:04:30.036 12417:12417 I/CameraManagerGlobal ]
Connecting to camera service

[ 06-17 01:04:30.050 12417:12417 D/DesktopModeFlags ]
Toggle override initialized to: OVERRIDE_UNSET

[ 06-17 01:04:30.069 12417:12417 E/TEST_getBit [ID = 0] ]
OK

[ 06-17 01:04:30.069 12417:12417 E/TEST_colorFilterArrangement [ID = 0] ]
OK because = 3

[ 06-17 01:04:30.070 12417:12417 E/TEST_and_ADD_android.lens.facing [ID = 0] ]
OK

[ 06-17 01:04:30.070 12417:12417 E/TEST_and_ADD_android.control.aeAvailableModes [ID = 0] ]
OK

[ 06-17 01:04:30.071 12417:12417 E/TEST_and_ADD_android.lens.info.availableFocalLengths [ID = 0] ]
OK

[ 06-17 01:04:30.071 12417:12417 E/TEST_and_ADD_android.lens.info.availableApertures [ID = 0] ]
OK

[ 06-17 01:04:30.071 12417:12417 E/TEST_and_ADD_android.sensor.info.physicalSize [ID = 0] ]
OK

[ 06-17 01:04:30.073 12417:12417 E/ALL_TEST [ID = 0] ]
PASSED

[ 06-17 01:04:30.075 12417:12417 E/TEST_getBit [ID = 1] ]
OK

[ 06-17 01:04:30.075 12417:12417 E/TEST_colorFilterArrangement [ID = 1] ]
OK because = 3

[ 06-17 01:04:30.075 12417:12417 E/TEST_and_ADD_android.lens.facing [ID = 1] ]
OK

[ 06-17 01:04:30.076 12417:12417 E/TEST_and_ADD_android.control.aeAvailableModes [ID = 1] ]
OK

[ 06-17 01:04:30.076 12417:12417 E/TEST_and_ADD_android.lens.info.availableFocalLengths [ID = 1] ]
OK

[ 06-17 01:04:30.076 12417:12417 E/TEST_and_ADD_android.lens.info.availableApertures [ID = 1] ]
OK

[ 06-17 01:04:30.076 12417:12417 E/TEST_and_ADD_android.sensor.info.physicalSize [ID = 1] ]
OK

[ 06-17 01:04:30.077 12417:12417 E/ALL_TEST [ID = 1] ]
PASSED

[ 06-17 01:04:30.080 12417:12417 E/TEST_getBit [ID = 2] ]
OK

[ 06-17 01:04:30.080 12417:12417 E/TEST_colorFilterArrangement [ID = 2] ]
OK because = 2

[ 06-17 01:04:30.080 12417:12417 E/TEST_and_ADD_android.lens.facing [ID = 2] ]
OK

[ 06-17 01:04:30.081 12417:12417 E/TEST_and_ADD_android.control.aeAvailableModes [ID = 2] ]
OK

[ 06-17 01:04:30.081 12417:12417 E/TEST_and_ADD_android.lens.info.availableFocalLengths [ID = 2] ]
OK

[ 06-17 01:04:30.081 12417:12417 E/TEST_and_ADD_android.lens.info.availableApertures [ID = 2] ]
OK

[ 06-17 01:04:30.081 12417:12417 E/TEST_and_ADD_android.sensor.info.physicalSize [ID = 2] ]
OK

[ 06-17 01:04:30.082 12417:12417 E/ALL_TEST [ID = 2] ]
PASSED

[ 06-17 01:04:30.171 12417:12417 E/FOUND_LENSES ]
 [ 0 1 2 ]

[ 06-17 01:04:30.172 12417:12417 E/AFTER_BLACK_LIST_LENSES ]
 [ 0 1 2 ]

[ 06-17 01:04:30.172 12417:12417 E/SORTS_LENSES ]
 [ 2 0 1 ]

[ 06-17 01:04:30.172 12417:12417 E/AFTER_HIDING_LENSES ]
 [ 2 0 1 ]

[ 06-17 01:04:30.199 12417:12417 E/TOGGLE_DISTRIBUTION_BACK_LENSES ]
 [ 2 0 ]

[ 06-17 01:04:30.199 12417:12417 E/TOGGLE_DISTRIBUTION_FRONT_LENSES ]
 [ 1 ]

[ 06-17 01:04:30.204 12417:12417 I/Typeface ]
updateThemeFont new=RobotoSlab-Regular;old=sans-serif;new=RobotoSlab-Stacked;old=

[ 06-17 01:04:30.237 12417:12426 D/BackupHelperDispatcher ]
handling existing helper 'persistent_backup_agent_helper_prefs' android.app.backup.SharedPreferencesBackupHelper@a7fc31f

